<?xml version="1.0" encoding="UTF-8"?>
<!-- Generated by org.testng.reporters.JUnitXMLReporter -->
<testsuite hostname="Nehas-MacBook-Air.local" ignored="0" name="Tests" tests="3" failures="0" timestamp="31 Mar 2022 05:55:18 GMT" time="1039.047" errors="0">
  <testcase name="BreakdownCreationJobcardDetailsTest" time="319.96" classname="com.cnhi.tests.AppointmentTest$Demotest"/>
  <testcase name="BreakdownCreationVehicleDetailsTest" time="346.254" classname="com.cnhi.tests.AppointmentTest$Demotest"/>
  <testcase name="BreakdownVehicleReceptionChecklistTest" time="343.749" classname="com.cnhi.tests.AppointmentTest$Demotest"/>
</testsuite> <!-- Tests -->
